2019-12-27 16:32:01,175 - app - 403 Error occurred
2019-12-27 16:32:01,583 - app - 404 Error occurred
2019-12-27 16:32:01,995 - app - 500 Error occurred
2019-12-27 16:46:03,826 - app - 403 Error occurred
2019-12-27 16:46:04,218 - app - 404 Error occurred
2019-12-27 16:46:04,612 - app - 500 Error occurred
2019-12-27 16:47:49,431 - app - 403 Error occurred
2019-12-27 16:47:49,812 - app - 404 Error occurred
2019-12-27 16:47:50,199 - app - 500 Error occurred
2019-12-27 16:49:12,593 - __main__ - Start debugging
2019-12-27 16:49:13,416 - __main__ - Start debugging
2019-12-27 16:49:33,624 - __main__ - Stop debugging
2019-12-27 16:49:33,741 - __main__ - Stop debugging
2019-12-27 16:49:36,568 - __main__ - Start debugging
2019-12-27 16:49:37,137 - __main__ - Start debugging
2019-12-27 16:49:41,193 - __main__ - Stop debugging
2019-12-27 16:49:41,308 - __main__ - Stop debugging
2019-12-27 16:49:42,880 - __main__ - Start debugging
2019-12-27 16:50:08,441 - __main__ - Stop debugging
2019-12-27 16:50:12,092 - app - 403 Error occurred
2019-12-27 16:50:12,490 - app - 404 Error occurred
2019-12-27 16:50:12,879 - app - 500 Error occurred
2019-12-27 16:50:48,221 - app - 403 Error occurred
2019-12-27 16:50:48,714 - app - 404 Error occurred
2019-12-27 16:50:49,130 - app - 500 Error occurred
2019-12-27 16:51:06,934 - app - 403 Error occurred
2019-12-27 16:51:07,343 - app - 404 Error occurred
2019-12-27 16:51:07,730 - app - 500 Error occurred
2019-12-27 17:22:17,588 - app - 403 Error occurred
2019-12-27 17:22:18,239 - app - 404 Error occurred
2019-12-27 17:22:18,798 - app - 500 Error occurred
2019-12-27 17:38:22,136 - app - 403 Error occurred
2019-12-27 17:38:22,525 - app - 404 Error occurred
2019-12-27 17:38:22,911 - app - 500 Error occurred
2019-12-27 19:57:55,588 - app - 403 Error occurred
2019-12-27 19:57:56,269 - app - 404 Error occurred
2019-12-27 19:57:56,915 - app - 500 Error occurred
2019-12-27 20:02:44,770 - app - 403 Error occurred
2019-12-27 20:02:45,427 - app - 404 Error occurred
2019-12-27 20:02:46,071 - app - 500 Error occurred
2019-12-27 20:23:46,168 - app - 403 Error occurred
2019-12-27 20:23:46,562 - app - 404 Error occurred
2019-12-27 20:23:46,982 - app - 500 Error occurred
2019-12-27 20:43:55,975 - app - 403 Error occurred
2019-12-27 20:43:56,367 - app - 404 Error occurred
2019-12-27 20:43:56,753 - app - 500 Error occurred
2019-12-27 20:44:26,066 - app - 403 Error occurred
2019-12-27 20:44:26,453 - app - 404 Error occurred
2019-12-27 20:44:26,832 - app - 500 Error occurred
2019-12-27 20:50:00,215 - app - 403 Error occurred
2019-12-27 20:50:00,722 - app - 404 Error occurred
2019-12-27 20:50:01,116 - app - 500 Error occurred
2019-12-27 20:51:26,764 - app - 403 Error occurred
2019-12-27 20:51:27,162 - app - 404 Error occurred
2019-12-27 20:51:27,537 - app - 500 Error occurred
2019-12-27 20:56:41,148 - app - 403 Error occurred
2019-12-27 20:56:41,575 - app - 404 Error occurred
2019-12-27 20:56:41,971 - app - 500 Error occurred
2019-12-27 21:03:39,341 - app - 403 Error occurred
2019-12-27 21:03:39,744 - app - 404 Error occurred
2019-12-27 21:03:40,192 - app - 500 Error occurred
2019-12-27 21:26:44,273 - app - 403 Error occurred
2019-12-27 21:26:44,908 - app - 404 Error occurred
2019-12-27 21:26:45,491 - app - 500 Error occurred
2019-12-28 20:24:11,776 - app - 403 Error occurred
2019-12-28 20:24:12,181 - app - 404 Error occurred
2019-12-28 20:24:12,589 - app - 500 Error occurred
2019-12-28 20:24:37,469 - app - 403 Error occurred
2019-12-28 20:24:37,949 - app - 404 Error occurred
2019-12-28 20:24:38,337 - app - 500 Error occurred
2019-12-28 21:33:51,883 - app - 403 Error occurred
2019-12-28 21:33:52,352 - app - 404 Error occurred
2019-12-28 21:33:52,801 - app - 500 Error occurred
2019-12-29 18:37:59,376 - app - 403 Error occurred
2019-12-29 18:37:59,773 - app - 404 Error occurred
2019-12-29 18:38:00,166 - app - 500 Error occurred
2019-12-29 18:47:39,405 - app - 403 Error occurred
2019-12-29 18:47:39,821 - app - 404 Error occurred
2019-12-29 18:47:40,252 - app - 500 Error occurred
2019-12-29 19:05:06,044 - app - 403 Error occurred
2019-12-29 19:05:06,710 - app - 404 Error occurred
2019-12-29 19:05:07,279 - app - 500 Error occurred
2019-12-29 19:05:23,047 - app - 403 Error occurred
2019-12-29 19:05:23,420 - app - 404 Error occurred
2019-12-29 19:05:23,783 - app - 500 Error occurred
2019-12-29 19:48:58,485 - app - 403 Error occurred
2019-12-29 19:48:58,902 - app - 404 Error occurred
2019-12-29 19:48:59,321 - app - 500 Error occurred
2019-12-30 17:22:47,826 - __main__ - Start debugging
2019-12-30 17:22:48,349 - __main__ - Start debugging
2019-12-30 17:46:27,466 - __main__ - Start debugging
2019-12-30 17:46:48,328 - __main__ - Start debugging
2019-12-30 17:46:48,749 - __main__ - Start debugging
2019-12-30 17:47:03,814 - __main__ - Start debugging
2019-12-30 17:47:10,873 - __main__ - Start debugging
2019-12-30 17:53:34,876 - __main__ - Start debugging
2019-12-30 17:56:42,685 - __main__ - Start debugging
2019-12-30 18:17:05,014 - app.auth.views - admin@admin.com admin admin:True logged in
2019-12-30 18:18:51,923 - app.auth.views - admin@admin.com admin admin:True logged in
2019-12-30 18:35:56,203 - __main__ - Start debugging
2019-12-30 18:38:31,116 - app.auth.views - admin@admin.com admin admin:True logged in
2019-12-30 18:40:24,178 - __main__ - Start debugging
2019-12-30 18:45:46,278 - __main__ - Start debugging
2019-12-30 19:46:35,040 - app.auth.views - admin@admin.com admin admin:True logged in
2019-12-30 19:47:23,836 - app.auth.views - admin@admin.com admin admin:True logged in
2019-12-30 19:50:35,231 - app.auth.views - admin@admin.com admin admin:True logged in
2019-12-30 20:48:08,610 - __main__ - Start debugging
2019-12-31 12:41:20,216 - __main__ - Start debugging
2019-12-31 12:41:20,814 - __main__ - Start debugging
2019-12-31 12:41:54,652 - app.auth.views - admin@admin.com admin admin:True logged in
2020-01-02 20:20:04,170 - __main__ - Start debugging
2020-01-02 20:20:04,727 - __main__ - Start debugging
2020-01-02 20:20:12,108 - app.auth.views - admin@admin.com admin admin:True logged in
2020-01-02 20:20:20,583 - app.admin.views - Edit employee Id: 4 Leo Messi
2020-01-02 20:20:54,292 - __main__ - Start debugging
2020-01-02 20:20:54,712 - app.admin.views - Edit employee Id: 4 Leo Messi
2020-01-02 20:20:59,971 - app.admin.views - Edit employee Id: 4 Leo Messi
2020-01-02 20:20:59,988 - app.admin.views - Id: 4, first name: Leo,last name: Messi has been edit. 
2020-01-02 20:21:11,124 - __main__ - Stop debugging
2020-01-02 20:21:11,238 - __main__ - Stop debugging
2020-01-03 17:02:19,677 - app.util - Test database has been created
2020-01-03 17:02:19,785 - app.util - admin has been created
2020-01-03 17:02:19,891 - app.util - test_user has been created
2020-01-03 17:02:19,891 - app.util - TestDep has been created
2020-01-03 17:02:19,914 - app.util - Test TestDep, admin and test_user have been committed
2020-01-03 17:02:19,916 - app - 403 Error occurred
2020-01-03 17:02:19,965 - app.util - Test databased has been deleted
--------------------------------------------------------------------------------------
2020-01-03 17:02:20,074 - app.util - Test database has been created
2020-01-03 17:02:20,199 - app.util - admin has been created
2020-01-03 17:02:20,306 - app.util - test_user has been created
2020-01-03 17:02:20,306 - app.util - TestDep has been created
2020-01-03 17:02:20,329 - app.util - Test TestDep, admin and test_user have been committed
2020-01-03 17:02:20,330 - app - 404 Error occurred
2020-01-03 17:02:20,370 - app.util - Test databased has been deleted
--------------------------------------------------------------------------------------
2020-01-03 17:02:20,492 - app.util - Test database has been created
2020-01-03 17:02:20,607 - app.util - admin has been created
2020-01-03 17:02:20,713 - app.util - test_user has been created
2020-01-03 17:02:20,714 - app.util - TestDep has been created
2020-01-03 17:02:20,735 - app.util - Test TestDep, admin and test_user have been committed
2020-01-03 17:02:20,737 - app - 500 Error occurred
2020-01-03 17:02:20,770 - app.util - Test databased has been deleted
--------------------------------------------------------------------------------------
2020-01-03 17:02:20,892 - app.util - Test database has been created
2020-01-03 17:02:21,004 - app.util - admin has been created
2020-01-03 17:02:21,109 - app.util - test_user has been created
2020-01-03 17:02:21,109 - app.util - TestDep has been created
2020-01-03 17:02:21,128 - app.util - Test TestDep, admin and test_user have been committed
2020-01-03 17:02:21,147 - app.util - Test databased has been deleted
--------------------------------------------------------------------------------------
2020-01-03 17:02:21,264 - app.util - Test database has been created
2020-01-03 17:02:21,370 - app.util - admin has been created
2020-01-03 17:02:21,482 - app.util - test_user has been created
2020-01-03 17:02:21,482 - app.util - TestDep has been created
2020-01-03 17:02:21,497 - app.util - Test TestDep, admin and test_user have been committed
2020-01-03 17:02:21,520 - app.util - Test databased has been deleted
--------------------------------------------------------------------------------------
2020-01-03 17:02:21,631 - app.util - Test database has been created
2020-01-03 17:02:21,750 - app.util - admin has been created
2020-01-03 17:02:21,860 - app.util - test_user has been created
2020-01-03 17:02:21,860 - app.util - TestDep has been created
2020-01-03 17:02:21,878 - app.util - Test TestDep, admin and test_user have been committed
2020-01-03 17:02:21,899 - app.util - Test databased has been deleted
--------------------------------------------------------------------------------------
2020-01-03 17:02:22,016 - app.util - Test database has been created
2020-01-03 17:02:22,130 - app.util - admin has been created
2020-01-03 17:02:22,236 - app.util - test_user has been created
2020-01-03 17:02:22,236 - app.util - TestDep has been created
2020-01-03 17:02:22,286 - app.util - Test TestDep, admin and test_user have been committed
2020-01-03 17:02:22,307 - app.util - Test databased has been deleted
--------------------------------------------------------------------------------------
2020-01-03 17:02:22,434 - app.util - Test database has been created
2020-01-03 17:02:22,544 - app.util - admin has been created
2020-01-03 17:02:22,651 - app.util - test_user has been created
2020-01-03 17:02:22,651 - app.util - TestDep has been created
2020-01-03 17:02:22,671 - app.util - Test TestDep, admin and test_user have been committed
2020-01-03 17:02:22,692 - app.util - Test databased has been deleted
--------------------------------------------------------------------------------------
2020-01-03 17:02:22,810 - app.util - Test database has been created
2020-01-03 17:02:22,924 - app.util - admin has been created
2020-01-03 17:02:23,036 - app.util - test_user has been created
2020-01-03 17:02:23,036 - app.util - TestDep has been created
2020-01-03 17:02:23,057 - app.util - Test TestDep, admin and test_user have been committed
2020-01-03 17:02:23,077 - app.util - Test databased has been deleted
--------------------------------------------------------------------------------------
2020-01-03 17:02:23,202 - app.util - Test database has been created
2020-01-03 17:02:23,318 - app.util - admin has been created
2020-01-03 17:02:23,430 - app.util - test_user has been created
2020-01-03 17:02:23,430 - app.util - TestDep has been created
2020-01-03 17:02:23,447 - app.util - Test TestDep, admin and test_user have been committed
2020-01-03 17:02:23,467 - app.util - Test databased has been deleted
--------------------------------------------------------------------------------------
2020-01-03 17:02:23,588 - app.util - Test database has been created
2020-01-03 17:02:23,704 - app.util - admin has been created
2020-01-03 17:02:23,810 - app.util - test_user has been created
2020-01-03 17:02:23,811 - app.util - TestDep has been created
2020-01-03 17:02:23,827 - app.util - Test TestDep, admin and test_user have been committed
2020-01-03 17:02:23,846 - app.util - Test databased has been deleted
--------------------------------------------------------------------------------------
2020-01-03 17:02:23,974 - app.util - Test database has been created
2020-01-03 17:02:24,087 - app.util - admin has been created
2020-01-03 17:02:24,192 - app.util - test_user has been created
2020-01-03 17:02:24,192 - app.util - TestDep has been created
2020-01-03 17:02:24,208 - app.util - Test TestDep, admin and test_user have been committed
2020-01-03 17:02:24,230 - app.util - Test databased has been deleted
--------------------------------------------------------------------------------------
2020-01-03 17:02:24,348 - app.util - Test database has been created
2020-01-03 17:02:24,459 - app.util - admin has been created
2020-01-03 17:02:24,564 - app.util - test_user has been created
2020-01-03 17:02:24,565 - app.util - TestDep has been created
2020-01-03 17:02:24,585 - app.util - Test TestDep, admin and test_user have been committed
2020-01-03 17:02:24,606 - app.util - Test databased has been deleted
--------------------------------------------------------------------------------------
2020-01-03 17:02:24,742 - app.util - Test database has been created
2020-01-03 17:02:24,849 - app.util - admin has been created
2020-01-03 17:02:24,954 - app.util - test_user has been created
2020-01-03 17:02:24,954 - app.util - TestDep has been created
2020-01-03 17:02:24,972 - app.util - Test TestDep, admin and test_user have been committed
2020-01-03 17:02:24,997 - app.util - Test databased has been deleted
--------------------------------------------------------------------------------------
2020-01-03 17:02:25,105 - app.util - Test database has been created
2020-01-03 17:02:25,223 - app.util - admin has been created
2020-01-03 17:02:25,328 - app.util - test_user has been created
2020-01-03 17:02:25,329 - app.util - TestDep has been created
2020-01-03 17:02:25,347 - app.util - Test TestDep, admin and test_user have been committed
2020-01-03 17:02:25,376 - app.util - Test databased has been deleted
--------------------------------------------------------------------------------------
2020-01-03 17:02:25,507 - app.util - Test database has been created
2020-01-03 17:02:25,618 - app.util - admin has been created
2020-01-03 17:02:25,731 - app.util - test_user has been created
2020-01-03 17:02:25,731 - app.util - TestDep has been created
2020-01-03 17:02:25,751 - app.util - Test TestDep, admin and test_user have been committed
2020-01-03 17:02:25,781 - app.util - Test databased has been deleted
--------------------------------------------------------------------------------------
2020-01-03 17:02:25,909 - app.util - Test database has been created
2020-01-03 17:02:26,028 - app.util - admin has been created
2020-01-03 17:02:26,140 - app.util - test_user has been created
2020-01-03 17:02:26,140 - app.util - TestDep has been created
2020-01-03 17:02:26,158 - app.util - Test TestDep, admin and test_user have been committed
2020-01-03 17:02:26,179 - app.util - Test databased has been deleted
--------------------------------------------------------------------------------------
2020-01-03 17:02:26,306 - app.util - Test database has been created
2020-01-03 17:02:26,427 - app.util - admin has been created
2020-01-03 17:02:26,544 - app.util - test_user has been created
2020-01-03 17:02:26,544 - app.util - TestDep has been created
2020-01-03 17:02:26,565 - app.util - Test TestDep, admin and test_user have been committed
2020-01-03 17:02:26,674 - app.util - Test databased has been deleted
--------------------------------------------------------------------------------------
2020-01-03 17:02:26,799 - app.util - Test database has been created
2020-01-03 17:02:26,910 - app.util - admin has been created
2020-01-03 17:02:27,019 - app.util - test_user has been created
2020-01-03 17:02:27,019 - app.util - TestDep has been created
2020-01-03 17:02:27,040 - app.util - Test TestDep, admin and test_user have been committed
2020-01-03 17:02:27,066 - app.util - Test databased has been deleted
--------------------------------------------------------------------------------------
2020-01-03 17:02:27,188 - app.util - Test database has been created
2020-01-03 17:02:27,300 - app.util - admin has been created
2020-01-03 17:02:27,405 - app.util - test_user has been created
2020-01-03 17:02:27,406 - app.util - TestDep has been created
2020-01-03 17:02:27,421 - app.util - Test TestDep, admin and test_user have been committed
2020-01-03 17:02:27,517 - app.util - Test databased has been deleted
--------------------------------------------------------------------------------------
2020-01-03 17:02:27,633 - app.util - Test database has been created
2020-01-03 17:02:27,751 - app.util - admin has been created
2020-01-03 17:02:27,863 - app.util - test_user has been created
2020-01-03 17:02:27,864 - app.util - TestDep has been created
2020-01-03 17:02:27,890 - app.util - Test TestDep, admin and test_user have been committed
2020-01-03 17:02:27,914 - app.util - Test databased has been deleted
--------------------------------------------------------------------------------------
2020-01-03 17:02:28,036 - app.util - Test database has been created
2020-01-03 17:02:28,148 - app.util - admin has been created
2020-01-03 17:02:28,254 - app.util - test_user has been created
2020-01-03 17:02:28,254 - app.util - TestDep has been created
2020-01-03 17:02:28,274 - app.util - Test TestDep, admin and test_user have been committed
2020-01-03 17:02:28,297 - app.util - Test databased has been deleted
--------------------------------------------------------------------------------------
2020-01-03 17:02:28,425 - app.util - Test database has been created
2020-01-03 17:02:28,539 - app.util - admin has been created
2020-01-03 17:02:28,643 - app.util - test_user has been created
2020-01-03 17:02:28,644 - app.util - TestDep has been created
2020-01-03 17:02:28,688 - app.util - Test TestDep, admin and test_user have been committed
2020-01-03 17:02:28,722 - app.util - Test databased has been deleted
--------------------------------------------------------------------------------------
2020-01-03 17:04:44,432 - app.util - Test database has been created
2020-01-03 17:04:44,547 - app.util - admin has been created
2020-01-03 17:04:44,659 - app.util - test_user has been created
2020-01-03 17:04:44,659 - app.util - TestDep has been created
2020-01-03 17:04:44,678 - app.util - Test TestDep, admin and test_user have been committed
2020-01-03 17:04:44,680 - app - 403 Error occurred
2020-01-03 17:04:44,715 - app.util - Test databased has been deleted
--------------------------------------------------------------------------------------
2020-01-03 17:04:44,832 - app.util - Test database has been created
2020-01-03 17:04:44,941 - app.util - admin has been created
2020-01-03 17:04:45,047 - app.util - test_user has been created
2020-01-03 17:04:45,047 - app.util - TestDep has been created
2020-01-03 17:04:45,068 - app.util - Test TestDep, admin and test_user have been committed
2020-01-03 17:04:45,069 - app - 404 Error occurred
2020-01-03 17:04:45,110 - app.util - Test databased has been deleted
--------------------------------------------------------------------------------------
2020-01-03 17:04:45,237 - app.util - Test database has been created
2020-01-03 17:04:45,349 - app.util - admin has been created
2020-01-03 17:04:45,453 - app.util - test_user has been created
2020-01-03 17:04:45,453 - app.util - TestDep has been created
2020-01-03 17:04:45,469 - app.util - Test TestDep, admin and test_user have been committed
2020-01-03 17:04:45,471 - app - 500 Error occurred
2020-01-03 17:04:45,501 - app.util - Test databased has been deleted
--------------------------------------------------------------------------------------
2020-01-03 17:04:45,614 - app.util - Test database has been created
2020-01-03 17:04:45,726 - app.util - admin has been created
2020-01-03 17:04:45,836 - app.util - test_user has been created
2020-01-03 17:04:45,837 - app.util - TestDep has been created
2020-01-03 17:04:45,855 - app.util - Test TestDep, admin and test_user have been committed
2020-01-03 17:04:45,874 - app.util - Test databased has been deleted
--------------------------------------------------------------------------------------
2020-01-03 17:04:45,996 - app.util - Test database has been created
2020-01-03 17:04:46,104 - app.util - admin has been created
2020-01-03 17:04:46,213 - app.util - test_user has been created
2020-01-03 17:04:46,213 - app.util - TestDep has been created
2020-01-03 17:04:46,258 - app.util - Test TestDep, admin and test_user have been committed
2020-01-03 17:04:46,279 - app.util - Test databased has been deleted
--------------------------------------------------------------------------------------
2020-01-03 17:04:46,407 - app.util - Test database has been created
2020-01-03 17:04:46,517 - app.util - admin has been created
2020-01-03 17:04:46,623 - app.util - test_user has been created
2020-01-03 17:04:46,623 - app.util - TestDep has been created
2020-01-03 17:04:46,642 - app.util - Test TestDep, admin and test_user have been committed
2020-01-03 17:04:46,658 - app.util - Test databased has been deleted
--------------------------------------------------------------------------------------
2020-01-03 17:04:46,789 - app.util - Test database has been created
2020-01-03 17:04:46,899 - app.util - admin has been created
2020-01-03 17:04:47,006 - app.util - test_user has been created
2020-01-03 17:04:47,006 - app.util - TestDep has been created
2020-01-03 17:04:47,027 - app.util - Test TestDep, admin and test_user have been committed
2020-01-03 17:04:47,051 - app.util - Test databased has been deleted
--------------------------------------------------------------------------------------
2020-01-03 17:04:47,177 - app.util - Test database has been created
2020-01-03 17:04:47,287 - app.util - admin has been created
2020-01-03 17:04:47,393 - app.util - test_user has been created
2020-01-03 17:04:47,394 - app.util - TestDep has been created
2020-01-03 17:04:47,404 - app.util - Test TestDep, admin and test_user have been committed
2020-01-03 17:04:47,426 - app.util - Test databased has been deleted
--------------------------------------------------------------------------------------
2020-01-03 17:04:47,553 - app.util - Test database has been created
2020-01-03 17:04:47,663 - app.util - admin has been created
2020-01-03 17:04:47,769 - app.util - test_user has been created
2020-01-03 17:04:47,769 - app.util - TestDep has been created
2020-01-03 17:04:47,786 - app.util - Test TestDep, admin and test_user have been committed
2020-01-03 17:04:47,804 - app.util - Test databased has been deleted
--------------------------------------------------------------------------------------
2020-01-03 17:04:47,929 - app.util - Test database has been created
2020-01-03 17:04:48,040 - app.util - admin has been created
2020-01-03 17:04:48,146 - app.util - test_user has been created
2020-01-03 17:04:48,146 - app.util - TestDep has been created
2020-01-03 17:04:48,164 - app.util - Test TestDep, admin and test_user have been committed
2020-01-03 17:04:48,185 - app.util - Test databased has been deleted
--------------------------------------------------------------------------------------
2020-01-03 17:04:48,314 - app.util - Test database has been created
2020-01-03 17:04:48,425 - app.util - admin has been created
2020-01-03 17:04:48,531 - app.util - test_user has been created
2020-01-03 17:04:48,531 - app.util - TestDep has been created
2020-01-03 17:04:48,548 - app.util - Test TestDep, admin and test_user have been committed
2020-01-03 17:04:48,564 - app.util - Test databased has been deleted
--------------------------------------------------------------------------------------
2020-01-03 17:04:48,680 - app.util - Test database has been created
2020-01-03 17:04:48,789 - app.util - admin has been created
2020-01-03 17:04:48,894 - app.util - test_user has been created
2020-01-03 17:04:48,894 - app.util - TestDep has been created
2020-01-03 17:04:48,913 - app.util - Test TestDep, admin and test_user have been committed
2020-01-03 17:04:48,934 - app.util - Test databased has been deleted
--------------------------------------------------------------------------------------
2020-01-03 17:04:49,051 - app.util - Test database has been created
2020-01-03 17:04:49,163 - app.util - admin has been created
2020-01-03 17:04:49,267 - app.util - test_user has been created
2020-01-03 17:04:49,267 - app.util - TestDep has been created
2020-01-03 17:04:49,289 - app.util - Test TestDep, admin and test_user have been committed
2020-01-03 17:04:49,310 - app.util - Test databased has been deleted
--------------------------------------------------------------------------------------
2020-01-03 17:04:49,440 - app.util - Test database has been created
2020-01-03 17:04:49,551 - app.util - admin has been created
2020-01-03 17:04:49,661 - app.util - test_user has been created
2020-01-03 17:04:49,662 - app.util - TestDep has been created
2020-01-03 17:04:49,679 - app.util - Test TestDep, admin and test_user have been committed
2020-01-03 17:04:49,704 - app.util - Test databased has been deleted
--------------------------------------------------------------------------------------
2020-01-03 17:04:49,827 - app.util - Test database has been created
2020-01-03 17:04:49,936 - app.util - admin has been created
2020-01-03 17:04:50,041 - app.util - test_user has been created
2020-01-03 17:04:50,042 - app.util - TestDep has been created
2020-01-03 17:04:50,059 - app.util - Test TestDep, admin and test_user have been committed
2020-01-03 17:04:50,078 - app.util - Test databased has been deleted
--------------------------------------------------------------------------------------
2020-01-03 17:04:50,200 - app.util - Test database has been created
2020-01-03 17:04:50,309 - app.util - admin has been created
2020-01-03 17:04:50,415 - app.util - test_user has been created
2020-01-03 17:04:50,415 - app.util - TestDep has been created
2020-01-03 17:04:50,433 - app.util - Test TestDep, admin and test_user have been committed
2020-01-03 17:04:50,462 - app.util - Test databased has been deleted
--------------------------------------------------------------------------------------
2020-01-03 17:04:50,595 - app.util - Test database has been created
2020-01-03 17:04:50,709 - app.util - admin has been created
2020-01-03 17:04:50,819 - app.util - test_user has been created
2020-01-03 17:04:50,819 - app.util - TestDep has been created
2020-01-03 17:04:50,835 - app.util - Test TestDep, admin and test_user have been committed
2020-01-03 17:04:50,859 - app.util - Test databased has been deleted
--------------------------------------------------------------------------------------
2020-01-03 17:04:50,978 - app.util - Test database has been created
2020-01-03 17:04:51,093 - app.util - admin has been created
2020-01-03 17:04:51,197 - app.util - test_user has been created
2020-01-03 17:04:51,198 - app.util - TestDep has been created
2020-01-03 17:04:51,215 - app.util - Test TestDep, admin and test_user have been committed
2020-01-03 17:04:51,331 - app.util - Test databased has been deleted
--------------------------------------------------------------------------------------
2020-01-03 17:04:51,446 - app.util - Test database has been created
2020-01-03 17:04:51,561 - app.util - admin has been created
2020-01-03 17:04:51,665 - app.util - test_user has been created
2020-01-03 17:04:51,666 - app.util - TestDep has been created
2020-01-03 17:04:51,683 - app.util - Test TestDep, admin and test_user have been committed
2020-01-03 17:04:51,699 - app.util - Test databased has been deleted
--------------------------------------------------------------------------------------
2020-01-03 17:04:51,824 - app.util - Test database has been created
2020-01-03 17:04:51,936 - app.util - admin has been created
2020-01-03 17:04:52,043 - app.util - test_user has been created
2020-01-03 17:04:52,044 - app.util - TestDep has been created
2020-01-03 17:04:52,056 - app.util - Test TestDep, admin and test_user have been committed
2020-01-03 17:04:52,154 - app.util - Test databased has been deleted
--------------------------------------------------------------------------------------
2020-01-03 17:04:52,284 - app.util - Test database has been created
2020-01-03 17:04:52,400 - app.util - admin has been created
2020-01-03 17:04:52,511 - app.util - test_user has been created
2020-01-03 17:04:52,511 - app.util - TestDep has been created
2020-01-03 17:04:52,529 - app.util - Test TestDep, admin and test_user have been committed
2020-01-03 17:04:52,549 - app.util - Test databased has been deleted
--------------------------------------------------------------------------------------
2020-01-03 17:04:52,673 - app.util - Test database has been created
2020-01-03 17:04:52,777 - app.util - admin has been created
2020-01-03 17:04:52,882 - app.util - test_user has been created
2020-01-03 17:04:52,883 - app.util - TestDep has been created
2020-01-03 17:04:52,901 - app.util - Test TestDep, admin and test_user have been committed
2020-01-03 17:04:52,923 - app.util - Test databased has been deleted
--------------------------------------------------------------------------------------
2020-01-03 17:04:53,049 - app.util - Test database has been created
2020-01-03 17:04:53,162 - app.util - admin has been created
2020-01-03 17:04:53,267 - app.util - test_user has been created
2020-01-03 17:04:53,268 - app.util - TestDep has been created
2020-01-03 17:04:53,285 - app.util - Test TestDep, admin and test_user have been committed
2020-01-03 17:04:53,322 - app.util - Test databased has been deleted
--------------------------------------------------------------------------------------
2020-01-03 17:07:14,732 - app.util - Test database has been created
2020-01-03 17:07:14,846 - app.util - admin has been created
2020-01-03 17:07:14,959 - app.util - test_user has been created
2020-01-03 17:07:14,960 - app.util - TestDep has been created
2020-01-03 17:07:14,981 - app.util - Test TestDep, admin and test_user have been committed
2020-01-03 17:07:14,984 - app - 403 Error occurred
2020-01-03 17:07:15,031 - app.util - Test databased has been deleted
--------------------------------------------------------------------------------------
2020-01-03 17:07:15,146 - app.util - Test database has been created
2020-01-03 17:07:15,262 - app.util - admin has been created
2020-01-03 17:07:15,373 - app.util - test_user has been created
2020-01-03 17:07:15,373 - app.util - TestDep has been created
2020-01-03 17:07:15,389 - app.util - Test TestDep, admin and test_user have been committed
2020-01-03 17:07:15,390 - app - 404 Error occurred
2020-01-03 17:07:15,426 - app.util - Test databased has been deleted
--------------------------------------------------------------------------------------
2020-01-03 17:07:15,555 - app.util - Test database has been created
2020-01-03 17:07:15,673 - app.util - admin has been created
2020-01-03 17:07:15,784 - app.util - test_user has been created
2020-01-03 17:07:15,784 - app.util - TestDep has been created
2020-01-03 17:07:15,833 - app.util - Test TestDep, admin and test_user have been committed
2020-01-03 17:07:15,835 - app - 500 Error occurred
2020-01-03 17:07:15,874 - app.util - Test databased has been deleted
--------------------------------------------------------------------------------------
2020-01-03 17:07:16,010 - app.util - Test database has been created
2020-01-03 17:07:16,131 - app.util - admin has been created
2020-01-03 17:07:16,242 - app.util - test_user has been created
2020-01-03 17:07:16,242 - app.util - TestDep has been created
2020-01-03 17:07:16,259 - app.util - Test TestDep, admin and test_user have been committed
2020-01-03 17:07:16,279 - app.util - Test databased has been deleted
--------------------------------------------------------------------------------------
2020-01-03 17:07:16,405 - app.util - Test database has been created
2020-01-03 17:07:16,512 - app.util - admin has been created
2020-01-03 17:07:16,617 - app.util - test_user has been created
2020-01-03 17:07:16,618 - app.util - TestDep has been created
2020-01-03 17:07:16,630 - app.util - Test TestDep, admin and test_user have been committed
2020-01-03 17:07:16,650 - app.util - Test databased has been deleted
--------------------------------------------------------------------------------------
2020-01-03 17:07:16,763 - app.util - Test database has been created
2020-01-03 17:07:16,875 - app.util - admin has been created
2020-01-03 17:07:16,979 - app.util - test_user has been created
2020-01-03 17:07:16,979 - app.util - TestDep has been created
2020-01-03 17:07:17,000 - app.util - Test TestDep, admin and test_user have been committed
2020-01-03 17:07:17,022 - app.util - Test databased has been deleted
--------------------------------------------------------------------------------------
2020-01-03 17:07:17,133 - app.util - Test database has been created
2020-01-03 17:07:17,242 - app.util - admin has been created
2020-01-03 17:07:17,349 - app.util - test_user has been created
2020-01-03 17:07:17,349 - app.util - TestDep has been created
2020-01-03 17:07:17,365 - app.util - Test TestDep, admin and test_user have been committed
2020-01-03 17:07:17,388 - app.util - Test databased has been deleted
--------------------------------------------------------------------------------------
2020-01-03 17:07:17,508 - app.util - Test database has been created
2020-01-03 17:07:17,622 - app.util - admin has been created
2020-01-03 17:07:17,729 - app.util - test_user has been created
2020-01-03 17:07:17,730 - app.util - TestDep has been created
2020-01-03 17:07:17,750 - app.util - Test TestDep, admin and test_user have been committed
2020-01-03 17:07:17,772 - app.util - Test databased has been deleted
--------------------------------------------------------------------------------------
2020-01-03 17:07:17,894 - app.util - Test database has been created
2020-01-03 17:07:18,006 - app.util - admin has been created
2020-01-03 17:07:18,111 - app.util - test_user has been created
2020-01-03 17:07:18,111 - app.util - TestDep has been created
2020-01-03 17:07:18,128 - app.util - Test TestDep, admin and test_user have been committed
2020-01-03 17:07:18,143 - app.util - Test databased has been deleted
--------------------------------------------------------------------------------------
2020-01-03 17:07:18,262 - app.util - Test database has been created
2020-01-03 17:07:18,380 - app.util - admin has been created
2020-01-03 17:07:18,486 - app.util - test_user has been created
2020-01-03 17:07:18,486 - app.util - TestDep has been created
2020-01-03 17:07:18,506 - app.util - Test TestDep, admin and test_user have been committed
2020-01-03 17:07:18,531 - app.util - Test databased has been deleted
--------------------------------------------------------------------------------------
2020-01-03 17:07:18,644 - app.util - Test database has been created
2020-01-03 17:07:18,754 - app.util - admin has been created
2020-01-03 17:07:18,859 - app.util - test_user has been created
2020-01-03 17:07:18,859 - app.util - TestDep has been created
2020-01-03 17:07:18,878 - app.util - Test TestDep, admin and test_user have been committed
2020-01-03 17:07:18,893 - app.util - Test databased has been deleted
--------------------------------------------------------------------------------------
2020-01-03 17:07:19,015 - app.util - Test database has been created
2020-01-03 17:07:19,127 - app.util - admin has been created
2020-01-03 17:07:19,234 - app.util - test_user has been created
2020-01-03 17:07:19,234 - app.util - TestDep has been created
2020-01-03 17:07:19,253 - app.util - Test TestDep, admin and test_user have been committed
2020-01-03 17:07:19,272 - app.util - Test databased has been deleted
--------------------------------------------------------------------------------------
2020-01-03 17:07:19,384 - app.util - Test database has been created
2020-01-03 17:07:19,493 - app.util - admin has been created
2020-01-03 17:07:19,597 - app.util - test_user has been created
2020-01-03 17:07:19,597 - app.util - TestDep has been created
2020-01-03 17:07:19,617 - app.util - Test TestDep, admin and test_user have been committed
2020-01-03 17:07:19,643 - app.util - Test databased has been deleted
--------------------------------------------------------------------------------------
2020-01-03 17:07:19,772 - app.util - Test database has been created
2020-01-03 17:07:19,884 - app.util - admin has been created
2020-01-03 17:07:19,988 - app.util - test_user has been created
2020-01-03 17:07:19,989 - app.util - TestDep has been created
2020-01-03 17:07:20,010 - app.util - Test TestDep, admin and test_user have been committed
2020-01-03 17:07:20,039 - app.util - Test databased has been deleted
--------------------------------------------------------------------------------------
2020-01-03 17:07:20,157 - app.util - Test database has been created
2020-01-03 17:07:20,273 - app.util - admin has been created
2020-01-03 17:07:20,382 - app.util - test_user has been created
2020-01-03 17:07:20,382 - app.util - TestDep has been created
2020-01-03 17:07:20,393 - app.util - Test TestDep, admin and test_user have been committed
2020-01-03 17:07:20,428 - app.util - Test databased has been deleted
--------------------------------------------------------------------------------------
2020-01-03 17:07:20,537 - app.util - Test database has been created
2020-01-03 17:07:20,650 - app.util - admin has been created
2020-01-03 17:07:20,756 - app.util - test_user has been created
2020-01-03 17:07:20,756 - app.util - TestDep has been created
2020-01-03 17:07:20,774 - app.util - Test TestDep, admin and test_user have been committed
2020-01-03 17:07:20,798 - app.util - Test databased has been deleted
--------------------------------------------------------------------------------------
2020-01-03 17:07:20,929 - app.util - Test database has been created
2020-01-03 17:07:21,041 - app.util - admin has been created
2020-01-03 17:07:21,147 - app.util - test_user has been created
2020-01-03 17:07:21,147 - app.util - TestDep has been created
2020-01-03 17:07:21,165 - app.util - Test TestDep, admin and test_user have been committed
2020-01-03 17:07:21,185 - app.util - Test databased has been deleted
--------------------------------------------------------------------------------------
2020-01-03 17:07:21,311 - app.util - Test database has been created
2020-01-03 17:07:21,428 - app.util - admin has been created
2020-01-03 17:07:21,537 - app.util - test_user has been created
2020-01-03 17:07:21,538 - app.util - TestDep has been created
2020-01-03 17:07:21,556 - app.util - Test TestDep, admin and test_user have been committed
2020-01-03 17:07:21,700 - app.util - Test databased has been deleted
--------------------------------------------------------------------------------------
2020-01-03 17:07:21,842 - app.util - Test database has been created
2020-01-03 17:07:21,952 - app.util - admin has been created
2020-01-03 17:07:22,056 - app.util - test_user has been created
2020-01-03 17:07:22,056 - app.util - TestDep has been created
2020-01-03 17:07:22,076 - app.util - Test TestDep, admin and test_user have been committed
2020-01-03 17:07:22,098 - app.util - Test databased has been deleted
--------------------------------------------------------------------------------------
2020-01-03 17:07:22,222 - app.util - Test database has been created
2020-01-03 17:07:22,332 - app.util - admin has been created
2020-01-03 17:07:22,439 - app.util - test_user has been created
2020-01-03 17:07:22,439 - app.util - TestDep has been created
2020-01-03 17:07:22,456 - app.util - Test TestDep, admin and test_user have been committed
2020-01-03 17:07:22,553 - app.util - Test databased has been deleted
--------------------------------------------------------------------------------------
2020-01-03 17:07:22,671 - app.util - Test database has been created
2020-01-03 17:07:22,777 - app.util - admin has been created
2020-01-03 17:07:22,883 - app.util - test_user has been created
2020-01-03 17:07:22,883 - app.util - TestDep has been created
2020-01-03 17:07:22,899 - app.util - Test TestDep, admin and test_user have been committed
2020-01-03 17:07:22,924 - app.util - Test databased has been deleted
--------------------------------------------------------------------------------------
2020-01-03 17:07:23,050 - app.util - Test database has been created
2020-01-03 17:07:23,167 - app.util - admin has been created
2020-01-03 17:07:23,277 - app.util - test_user has been created
2020-01-03 17:07:23,278 - app.util - TestDep has been created
2020-01-03 17:07:23,298 - app.util - Test TestDep, admin and test_user have been committed
2020-01-03 17:07:23,316 - app.util - Test databased has been deleted
--------------------------------------------------------------------------------------
2020-01-03 17:07:23,456 - app.util - Test database has been created
2020-01-03 17:07:23,570 - app.util - admin has been created
2020-01-03 17:07:23,680 - app.util - test_user has been created
2020-01-03 17:07:23,681 - app.util - TestDep has been created
2020-01-03 17:07:23,695 - app.util - Test TestDep, admin and test_user have been committed
2020-01-03 17:07:23,726 - app.util - Test databased has been deleted
--------------------------------------------------------------------------------------
2020-01-03 17:08:15,206 - app.util - Test database has been created
2020-01-03 17:08:15,323 - app.util - admin has been created
2020-01-03 17:08:15,434 - app.util - test_user has been created
2020-01-03 17:08:15,435 - app.util - TestDep has been created
2020-01-03 17:08:15,453 - app.util - Test TestDep, admin and test_user have been committed
2020-01-03 17:08:15,455 - app - 403 Error occurred
2020-01-03 17:08:15,493 - app.util - Test databased has been deleted
--------------------------------------------------------------------------------------
2020-01-03 17:08:15,613 - app.util - Test database has been created
2020-01-03 17:08:15,728 - app.util - admin has been created
2020-01-03 17:08:15,833 - app.util - test_user has been created
2020-01-03 17:08:15,833 - app.util - TestDep has been created
2020-01-03 17:08:15,853 - app.util - Test TestDep, admin and test_user have been committed
2020-01-03 17:08:15,855 - app - 404 Error occurred
2020-01-03 17:08:15,896 - app.util - Test databased has been deleted
--------------------------------------------------------------------------------------
2020-01-03 17:08:16,016 - app.util - Test database has been created
2020-01-03 17:08:16,131 - app.util - admin has been created
2020-01-03 17:08:16,239 - app.util - test_user has been created
2020-01-03 17:08:16,239 - app.util - TestDep has been created
2020-01-03 17:08:16,264 - app.util - Test TestDep, admin and test_user have been committed
2020-01-03 17:08:16,267 - app - 500 Error occurred
2020-01-03 17:08:16,304 - app.util - Test databased has been deleted
--------------------------------------------------------------------------------------
2020-01-03 17:08:16,429 - app.util - Test database has been created
2020-01-03 17:08:16,539 - app.util - admin has been created
2020-01-03 17:08:16,647 - app.util - test_user has been created
2020-01-03 17:08:16,648 - app.util - TestDep has been created
2020-01-03 17:08:16,661 - app.util - Test TestDep, admin and test_user have been committed
2020-01-03 17:08:16,680 - app.util - Test databased has been deleted
--------------------------------------------------------------------------------------
2020-01-03 17:08:16,802 - app.util - Test database has been created
2020-01-03 17:08:16,917 - app.util - admin has been created
2020-01-03 17:08:17,023 - app.util - test_user has been created
2020-01-03 17:08:17,023 - app.util - TestDep has been created
2020-01-03 17:08:17,041 - app.util - Test TestDep, admin and test_user have been committed
2020-01-03 17:08:17,061 - app.util - Test databased has been deleted
--------------------------------------------------------------------------------------
2020-01-03 17:08:17,186 - app.util - Test database has been created
2020-01-03 17:08:17,301 - app.util - admin has been created
2020-01-03 17:08:17,407 - app.util - test_user has been created
2020-01-03 17:08:17,407 - app.util - TestDep has been created
2020-01-03 17:08:17,431 - app.util - Test TestDep, admin and test_user have been committed
2020-01-03 17:08:17,451 - app.util - Test databased has been deleted
--------------------------------------------------------------------------------------
2020-01-03 17:08:17,582 - app.util - Test database has been created
2020-01-03 17:08:17,691 - app.util - admin has been created
2020-01-03 17:08:17,796 - app.util - test_user has been created
2020-01-03 17:08:17,796 - app.util - TestDep has been created
2020-01-03 17:08:17,815 - app.util - Test TestDep, admin and test_user have been committed
2020-01-03 17:08:17,834 - app.util - Test databased has been deleted
--------------------------------------------------------------------------------------
2020-01-03 17:08:17,962 - app.util - Test database has been created
2020-01-03 17:08:18,075 - app.util - admin has been created
2020-01-03 17:08:18,183 - app.util - test_user has been created
2020-01-03 17:08:18,183 - app.util - TestDep has been created
2020-01-03 17:08:18,207 - app.util - Test TestDep, admin and test_user have been committed
2020-01-03 17:08:18,234 - app.util - Test databased has been deleted
--------------------------------------------------------------------------------------
2020-01-03 17:08:18,354 - app.util - Test database has been created
2020-01-03 17:08:18,468 - app.util - admin has been created
2020-01-03 17:08:18,573 - app.util - test_user has been created
2020-01-03 17:08:18,573 - app.util - TestDep has been created
2020-01-03 17:08:18,617 - app.util - Test TestDep, admin and test_user have been committed
2020-01-03 17:08:18,635 - app.util - Test databased has been deleted
--------------------------------------------------------------------------------------
2020-01-03 17:08:18,763 - app.util - Test database has been created
2020-01-03 17:08:18,874 - app.util - admin has been created
2020-01-03 17:08:18,980 - app.util - test_user has been created
2020-01-03 17:08:18,980 - app.util - TestDep has been created
2020-01-03 17:08:18,998 - app.util - Test TestDep, admin and test_user have been committed
2020-01-03 17:08:19,017 - app.util - Test databased has been deleted
--------------------------------------------------------------------------------------
2020-01-03 17:08:19,139 - app.util - Test database has been created
2020-01-03 17:08:19,255 - app.util - admin has been created
2020-01-03 17:08:19,363 - app.util - test_user has been created
2020-01-03 17:08:19,363 - app.util - TestDep has been created
2020-01-03 17:08:19,383 - app.util - Test TestDep, admin and test_user have been committed
2020-01-03 17:08:19,404 - app.util - Test databased has been deleted
--------------------------------------------------------------------------------------
2020-01-03 17:08:19,526 - app.util - Test database has been created
2020-01-03 17:08:19,639 - app.util - admin has been created
2020-01-03 17:08:19,747 - app.util - test_user has been created
2020-01-03 17:08:19,747 - app.util - TestDep has been created
2020-01-03 17:08:19,763 - app.util - Test TestDep, admin and test_user have been committed
2020-01-03 17:08:19,783 - app.util - Test databased has been deleted
--------------------------------------------------------------------------------------
2020-01-03 17:08:19,901 - app.util - Test database has been created
2020-01-03 17:08:20,014 - app.util - admin has been created
2020-01-03 17:08:20,124 - app.util - test_user has been created
2020-01-03 17:08:20,124 - app.util - TestDep has been created
2020-01-03 17:08:20,143 - app.util - Test TestDep, admin and test_user have been committed
2020-01-03 17:08:20,170 - app.util - Test databased has been deleted
--------------------------------------------------------------------------------------
2020-01-03 17:08:20,296 - app.util - Test database has been created
2020-01-03 17:08:20,408 - app.util - admin has been created
2020-01-03 17:08:20,516 - app.util - test_user has been created
2020-01-03 17:08:20,516 - app.util - TestDep has been created
2020-01-03 17:08:20,539 - app.util - Test TestDep, admin and test_user have been committed
2020-01-03 17:08:20,568 - app.util - Test databased has been deleted
--------------------------------------------------------------------------------------
2020-01-03 17:08:20,682 - app.util - Test database has been created
2020-01-03 17:08:20,796 - app.util - admin has been created
2020-01-03 17:08:20,901 - app.util - test_user has been created
2020-01-03 17:08:20,902 - app.util - TestDep has been created
2020-01-03 17:08:20,920 - app.util - Test TestDep, admin and test_user have been committed
2020-01-03 17:08:20,947 - app.util - Test databased has been deleted
--------------------------------------------------------------------------------------
2020-01-03 17:08:21,074 - app.util - Test database has been created
2020-01-03 17:08:21,183 - app.util - admin has been created
2020-01-03 17:08:21,290 - app.util - test_user has been created
2020-01-03 17:08:21,290 - app.util - TestDep has been created
2020-01-03 17:08:21,312 - app.util - Test TestDep, admin and test_user have been committed
2020-01-03 17:08:21,336 - app.util - Test databased has been deleted
--------------------------------------------------------------------------------------
2020-01-03 17:08:21,465 - app.util - Test database has been created
2020-01-03 17:08:21,580 - app.util - admin has been created
2020-01-03 17:08:21,688 - app.util - test_user has been created
2020-01-03 17:08:21,688 - app.util - TestDep has been created
2020-01-03 17:08:21,707 - app.util - Test TestDep, admin and test_user have been committed
2020-01-03 17:08:21,726 - app.util - Test databased has been deleted
--------------------------------------------------------------------------------------
2020-01-03 17:08:21,846 - app.util - Test database has been created
2020-01-03 17:08:21,952 - app.util - admin has been created
2020-01-03 17:08:22,061 - app.util - test_user has been created
2020-01-03 17:08:22,061 - app.util - TestDep has been created
2020-01-03 17:08:22,081 - app.util - Test TestDep, admin and test_user have been committed
2020-01-03 17:08:22,195 - app.util - Test databased has been deleted
--------------------------------------------------------------------------------------
2020-01-03 17:08:22,307 - app.util - Test database has been created
2020-01-03 17:08:22,417 - app.util - admin has been created
2020-01-03 17:08:22,522 - app.util - test_user has been created
2020-01-03 17:08:22,523 - app.util - TestDep has been created
2020-01-03 17:08:22,541 - app.util - Test TestDep, admin and test_user have been committed
2020-01-03 17:08:22,559 - app.util - Test databased has been deleted
--------------------------------------------------------------------------------------
2020-01-03 17:08:22,686 - app.util - Test database has been created
2020-01-03 17:08:22,798 - app.util - admin has been created
2020-01-03 17:08:22,904 - app.util - test_user has been created
2020-01-03 17:08:22,905 - app.util - TestDep has been created
2020-01-03 17:08:22,922 - app.util - Test TestDep, admin and test_user have been committed
2020-01-03 17:08:23,024 - app.util - Test databased has been deleted
--------------------------------------------------------------------------------------
2020-01-03 17:08:23,150 - app.util - Test database has been created
2020-01-03 17:08:23,260 - app.util - admin has been created
2020-01-03 17:08:23,366 - app.util - test_user has been created
2020-01-03 17:08:23,366 - app.util - TestDep has been created
2020-01-03 17:08:23,406 - app.util - Test TestDep, admin and test_user have been committed
2020-01-03 17:08:23,431 - app.util - Test databased has been deleted
--------------------------------------------------------------------------------------
2020-01-03 17:08:23,564 - app.util - Test database has been created
2020-01-03 17:08:23,670 - app.util - admin has been created
2020-01-03 17:08:23,775 - app.util - test_user has been created
2020-01-03 17:08:23,776 - app.util - TestDep has been created
2020-01-03 17:08:23,795 - app.util - Test TestDep, admin and test_user have been committed
2020-01-03 17:08:23,818 - app.util - Test databased has been deleted
--------------------------------------------------------------------------------------
2020-01-03 17:08:23,940 - app.util - Test database has been created
2020-01-03 17:08:24,052 - app.util - admin has been created
2020-01-03 17:08:24,161 - app.util - test_user has been created
2020-01-03 17:08:24,162 - app.util - TestDep has been created
2020-01-03 17:08:24,178 - app.util - Test TestDep, admin and test_user have been committed
2020-01-03 17:08:24,216 - app.util - Test databased has been deleted
--------------------------------------------------------------------------------------
2020-01-03 17:08:43,256 - app.util - Test database has been created
2020-01-03 17:08:43,382 - app.util - admin has been created
2020-01-03 17:08:43,494 - app.util - test_user has been created
2020-01-03 17:08:43,494 - app.util - TestDep has been created
2020-01-03 17:08:43,516 - app.util - Test TestDep, admin and test_user have been committed
2020-01-03 17:08:43,518 - app - 403 Error occurred
2020-01-03 17:08:43,563 - app.util - Test databased has been deleted
--------------------------------------------------------------------------------------
2020-01-03 17:08:43,682 - app.util - Test database has been created
2020-01-03 17:08:43,795 - app.util - admin has been created
2020-01-03 17:08:43,905 - app.util - test_user has been created
2020-01-03 17:08:43,905 - app.util - TestDep has been created
2020-01-03 17:08:43,927 - app.util - Test TestDep, admin and test_user have been committed
2020-01-03 17:08:43,928 - app - 404 Error occurred
2020-01-03 17:08:43,963 - app.util - Test databased has been deleted
--------------------------------------------------------------------------------------
2020-01-03 17:08:44,089 - app.util - Test database has been created
2020-01-03 17:08:44,199 - app.util - admin has been created
2020-01-03 17:08:44,305 - app.util - test_user has been created
2020-01-03 17:08:44,305 - app.util - TestDep has been created
2020-01-03 17:08:44,324 - app.util - Test TestDep, admin and test_user have been committed
2020-01-03 17:08:44,326 - app - 500 Error occurred
2020-01-03 17:08:44,356 - app.util - Test databased has been deleted
--------------------------------------------------------------------------------------
2020-01-03 17:08:44,488 - app.util - Test database has been created
2020-01-03 17:08:44,600 - app.util - admin has been created
2020-01-03 17:08:44,714 - app.util - test_user has been created
2020-01-03 17:08:44,715 - app.util - TestDep has been created
2020-01-03 17:08:44,754 - app.util - Test TestDep, admin and test_user have been committed
2020-01-03 17:08:44,779 - app.util - Test databased has been deleted
--------------------------------------------------------------------------------------
2020-01-03 17:08:44,907 - app.util - Test database has been created
2020-01-03 17:08:45,021 - app.util - admin has been created
2020-01-03 17:08:45,153 - app.util - test_user has been created
2020-01-03 17:08:45,153 - app.util - TestDep has been created
2020-01-03 17:08:45,173 - app.util - Test TestDep, admin and test_user have been committed
2020-01-03 17:08:45,194 - app.util - Test databased has been deleted
--------------------------------------------------------------------------------------
2020-01-03 17:08:45,308 - app.util - Test database has been created
2020-01-03 17:08:45,422 - app.util - admin has been created
2020-01-03 17:08:45,531 - app.util - test_user has been created
2020-01-03 17:08:45,532 - app.util - TestDep has been created
2020-01-03 17:08:45,558 - app.util - Test TestDep, admin and test_user have been committed
2020-01-03 17:08:45,579 - app.util - Test databased has been deleted
--------------------------------------------------------------------------------------
2020-01-03 17:08:45,694 - app.util - Test database has been created
2020-01-03 17:08:45,808 - app.util - admin has been created
2020-01-03 17:08:45,915 - app.util - test_user has been created
2020-01-03 17:08:45,915 - app.util - TestDep has been created
2020-01-03 17:08:45,940 - app.util - Test TestDep, admin and test_user have been committed
2020-01-03 17:08:45,966 - app.util - Test databased has been deleted
--------------------------------------------------------------------------------------
2020-01-03 17:08:46,090 - app.util - Test database has been created
2020-01-03 17:08:46,205 - app.util - admin has been created
2020-01-03 17:08:46,309 - app.util - test_user has been created
2020-01-03 17:08:46,309 - app.util - TestDep has been created
2020-01-03 17:08:46,330 - app.util - Test TestDep, admin and test_user have been committed
2020-01-03 17:08:46,355 - app.util - Test databased has been deleted
--------------------------------------------------------------------------------------
2020-01-03 17:08:46,479 - app.util - Test database has been created
2020-01-03 17:08:46,591 - app.util - admin has been created
2020-01-03 17:08:46,697 - app.util - test_user has been created
2020-01-03 17:08:46,697 - app.util - TestDep has been created
2020-01-03 17:08:46,717 - app.util - Test TestDep, admin and test_user have been committed
2020-01-03 17:08:46,735 - app.util - Test databased has been deleted
--------------------------------------------------------------------------------------
2020-01-03 17:08:46,863 - app.util - Test database has been created
2020-01-03 17:08:46,975 - app.util - admin has been created
2020-01-03 17:08:47,080 - app.util - test_user has been created
2020-01-03 17:08:47,080 - app.util - TestDep has been created
2020-01-03 17:08:47,098 - app.util - Test TestDep, admin and test_user have been committed
2020-01-03 17:08:47,118 - app.util - Test databased has been deleted
--------------------------------------------------------------------------------------
2020-01-03 17:08:47,250 - app.util - Test database has been created
2020-01-03 17:08:47,361 - app.util - admin has been created
2020-01-03 17:08:47,467 - app.util - test_user has been created
2020-01-03 17:08:47,467 - app.util - TestDep has been created
2020-01-03 17:08:47,487 - app.util - Test TestDep, admin and test_user have been committed
2020-01-03 17:08:47,506 - app.util - Test databased has been deleted
--------------------------------------------------------------------------------------
2020-01-03 17:08:47,635 - app.util - Test database has been created
2020-01-03 17:08:47,747 - app.util - admin has been created
2020-01-03 17:08:47,856 - app.util - test_user has been created
2020-01-03 17:08:47,856 - app.util - TestDep has been created
2020-01-03 17:08:47,876 - app.util - Test TestDep, admin and test_user have been committed
2020-01-03 17:08:47,896 - app.util - Test databased has been deleted
--------------------------------------------------------------------------------------
2020-01-03 17:08:48,012 - app.util - Test database has been created
2020-01-03 17:08:48,123 - app.util - admin has been created
2020-01-03 17:08:48,230 - app.util - test_user has been created
2020-01-03 17:08:48,231 - app.util - TestDep has been created
2020-01-03 17:08:48,255 - app.util - Test TestDep, admin and test_user have been committed
2020-01-03 17:08:48,287 - app.util - Test databased has been deleted
--------------------------------------------------------------------------------------
2020-01-03 17:08:48,419 - app.util - Test database has been created
2020-01-03 17:08:48,527 - app.util - admin has been created
2020-01-03 17:08:48,631 - app.util - test_user has been created
2020-01-03 17:08:48,631 - app.util - TestDep has been created
2020-01-03 17:08:48,655 - app.util - Test TestDep, admin and test_user have been committed
2020-01-03 17:08:48,682 - app.util - Test databased has been deleted
--------------------------------------------------------------------------------------
2020-01-03 17:08:48,806 - app.util - Test database has been created
2020-01-03 17:08:48,916 - app.util - admin has been created
2020-01-03 17:08:49,022 - app.util - test_user has been created
2020-01-03 17:08:49,022 - app.util - TestDep has been created
2020-01-03 17:08:49,039 - app.util - Test TestDep, admin and test_user have been committed
2020-01-03 17:08:49,066 - app.util - Test databased has been deleted
--------------------------------------------------------------------------------------
2020-01-03 17:08:49,191 - app.util - Test database has been created
2020-01-03 17:08:49,306 - app.util - admin has been created
2020-01-03 17:08:49,411 - app.util - test_user has been created
2020-01-03 17:08:49,412 - app.util - TestDep has been created
2020-01-03 17:08:49,430 - app.util - Test TestDep, admin and test_user have been committed
2020-01-03 17:08:49,459 - app.util - Test databased has been deleted
--------------------------------------------------------------------------------------
2020-01-03 17:08:49,580 - app.util - Test database has been created
2020-01-03 17:08:49,702 - app.util - admin has been created
2020-01-03 17:08:49,809 - app.util - test_user has been created
2020-01-03 17:08:49,810 - app.util - TestDep has been created
2020-01-03 17:08:49,829 - app.util - Test TestDep, admin and test_user have been committed
2020-01-03 17:08:49,852 - app.util - Test databased has been deleted
--------------------------------------------------------------------------------------
2020-01-03 17:08:49,969 - app.util - Test database has been created
2020-01-03 17:08:50,079 - app.util - admin has been created
2020-01-03 17:08:50,187 - app.util - test_user has been created
2020-01-03 17:08:50,187 - app.util - TestDep has been created
2020-01-03 17:08:50,206 - app.util - Test TestDep, admin and test_user have been committed
2020-01-03 17:08:50,314 - app.util - Test databased has been deleted
--------------------------------------------------------------------------------------
2020-01-03 17:08:50,439 - app.util - Test database has been created
2020-01-03 17:08:50,550 - app.util - admin has been created
2020-01-03 17:08:50,655 - app.util - test_user has been created
2020-01-03 17:08:50,655 - app.util - TestDep has been created
2020-01-03 17:08:50,694 - app.util - Test TestDep, admin and test_user have been committed
2020-01-03 17:08:50,718 - app.util - Test databased has been deleted
--------------------------------------------------------------------------------------
2020-01-03 17:08:50,825 - app.util - Test database has been created
2020-01-03 17:08:50,937 - app.util - admin has been created
2020-01-03 17:08:51,042 - app.util - test_user has been created
2020-01-03 17:08:51,042 - app.util - TestDep has been created
2020-01-03 17:08:51,059 - app.util - Test TestDep, admin and test_user have been committed
2020-01-03 17:08:51,158 - app.util - Test databased has been deleted
--------------------------------------------------------------------------------------
2020-01-03 17:08:51,276 - app.util - Test database has been created
2020-01-03 17:08:51,393 - app.util - admin has been created
2020-01-03 17:08:51,498 - app.util - test_user has been created
2020-01-03 17:08:51,498 - app.util - TestDep has been created
2020-01-03 17:08:51,515 - app.util - Test TestDep, admin and test_user have been committed
2020-01-03 17:08:51,540 - app.util - Test databased has been deleted
--------------------------------------------------------------------------------------
2020-01-03 17:08:51,656 - app.util - Test database has been created
2020-01-03 17:08:51,767 - app.util - admin has been created
2020-01-03 17:08:51,873 - app.util - test_user has been created
2020-01-03 17:08:51,873 - app.util - TestDep has been created
2020-01-03 17:08:51,894 - app.util - Test TestDep, admin and test_user have been committed
2020-01-03 17:08:51,914 - app.util - Test databased has been deleted
--------------------------------------------------------------------------------------
2020-01-03 17:08:52,033 - app.util - Test database has been created
2020-01-03 17:08:52,143 - app.util - admin has been created
2020-01-03 17:08:52,248 - app.util - test_user has been created
2020-01-03 17:08:52,248 - app.util - TestDep has been created
2020-01-03 17:08:52,268 - app.util - Test TestDep, admin and test_user have been committed
2020-01-03 17:08:52,298 - app.util - Test databased has been deleted
--------------------------------------------------------------------------------------
2020-01-03 17:10:44,577 - app.util - Test database has been created
2020-01-03 17:10:44,694 - app.util - admin has been created
2020-01-03 17:10:44,801 - app.util - test_user has been created
2020-01-03 17:10:44,801 - app.util - TestDep has been created
2020-01-03 17:10:44,817 - app.util - Test TestDep, admin and test_user have been committed
2020-01-03 17:10:44,820 - app - 403 Error occurred
2020-01-03 17:10:44,860 - app.util - Test databased has been deleted
--------------------------------------------------------------------------------------
2020-01-03 17:10:44,978 - app.util - Test database has been created
2020-01-03 17:10:45,086 - app.util - admin has been created
2020-01-03 17:10:45,190 - app.util - test_user has been created
2020-01-03 17:10:45,190 - app.util - TestDep has been created
2020-01-03 17:10:45,211 - app.util - Test TestDep, admin and test_user have been committed
2020-01-03 17:10:45,212 - app - 404 Error occurred
2020-01-03 17:10:45,250 - app.util - Test databased has been deleted
--------------------------------------------------------------------------------------
2020-01-03 17:10:45,376 - app.util - Test database has been created
2020-01-03 17:10:45,492 - app.util - admin has been created
2020-01-03 17:10:45,599 - app.util - test_user has been created
2020-01-03 17:10:45,600 - app.util - TestDep has been created
2020-01-03 17:10:45,622 - app.util - Test TestDep, admin and test_user have been committed
2020-01-03 17:10:45,623 - app - 500 Error occurred
2020-01-03 17:10:45,652 - app.util - Test databased has been deleted
--------------------------------------------------------------------------------------
2020-01-03 17:10:45,774 - app.util - Test database has been created
2020-01-03 17:10:45,883 - app.util - admin has been created
2020-01-03 17:10:45,989 - app.util - test_user has been created
2020-01-03 17:10:45,989 - app.util - TestDep has been created
2020-01-03 17:10:46,011 - app.util - Test TestDep, admin and test_user have been committed
2020-01-03 17:10:46,031 - app.util - Test databased has been deleted
--------------------------------------------------------------------------------------
2020-01-03 17:10:46,149 - app.util - Test database has been created
2020-01-03 17:10:46,257 - app.util - admin has been created
2020-01-03 17:10:46,362 - app.util - test_user has been created
2020-01-03 17:10:46,362 - app.util - TestDep has been created
2020-01-03 17:10:46,385 - app.util - Test TestDep, admin and test_user have been committed
2020-01-03 17:10:46,414 - app.util - Test databased has been deleted
--------------------------------------------------------------------------------------
2020-01-03 17:10:46,538 - app.util - Test database has been created
2020-01-03 17:10:46,649 - app.util - admin has been created
2020-01-03 17:10:46,757 - app.util - test_user has been created
2020-01-03 17:10:46,757 - app.util - TestDep has been created
2020-01-03 17:10:46,778 - app.util - Test TestDep, admin and test_user have been committed
2020-01-03 17:10:46,796 - app.util - Test databased has been deleted
--------------------------------------------------------------------------------------
2020-01-03 17:10:46,919 - app.util - Test database has been created
2020-01-03 17:10:47,028 - app.util - admin has been created
2020-01-03 17:10:47,132 - app.util - test_user has been created
2020-01-03 17:10:47,132 - app.util - TestDep has been created
2020-01-03 17:10:47,148 - app.util - Test TestDep, admin and test_user have been committed
2020-01-03 17:10:47,167 - app.util - Test databased has been deleted
--------------------------------------------------------------------------------------
2020-01-03 17:10:47,287 - app.util - Test database has been created
2020-01-03 17:10:47,398 - app.util - admin has been created
2020-01-03 17:10:47,503 - app.util - test_user has been created
2020-01-03 17:10:47,503 - app.util - TestDep has been created
2020-01-03 17:10:47,521 - app.util - Test TestDep, admin and test_user have been committed
2020-01-03 17:10:47,544 - app.util - Test databased has been deleted
--------------------------------------------------------------------------------------
2020-01-03 17:10:47,668 - app.util - Test database has been created
2020-01-03 17:10:47,779 - app.util - admin has been created
2020-01-03 17:10:47,885 - app.util - test_user has been created
2020-01-03 17:10:47,885 - app.util - TestDep has been created
2020-01-03 17:10:47,907 - app.util - Test TestDep, admin and test_user have been committed
2020-01-03 17:10:47,926 - app.util - Test databased has been deleted
--------------------------------------------------------------------------------------
2020-01-03 17:10:48,054 - app.util - Test database has been created
2020-01-03 17:10:48,161 - app.util - admin has been created
2020-01-03 17:10:48,266 - app.util - test_user has been created
2020-01-03 17:10:48,266 - app.util - TestDep has been created
2020-01-03 17:10:48,289 - app.util - Test TestDep, admin and test_user have been committed
2020-01-03 17:10:48,310 - app.util - Test databased has been deleted
--------------------------------------------------------------------------------------
2020-01-03 17:10:48,440 - app.util - Test database has been created
2020-01-03 17:10:48,555 - app.util - admin has been created
2020-01-03 17:10:48,663 - app.util - test_user has been created
2020-01-03 17:10:48,663 - app.util - TestDep has been created
2020-01-03 17:10:48,686 - app.util - Test TestDep, admin and test_user have been committed
2020-01-03 17:10:48,710 - app.util - Test databased has been deleted
--------------------------------------------------------------------------------------
2020-01-03 17:10:48,836 - app.util - Test database has been created
2020-01-03 17:10:48,947 - app.util - admin has been created
2020-01-03 17:10:49,051 - app.util - test_user has been created
2020-01-03 17:10:49,052 - app.util - TestDep has been created
2020-01-03 17:10:49,072 - app.util - Test TestDep, admin and test_user have been committed
2020-01-03 17:10:49,094 - app.util - Test databased has been deleted
--------------------------------------------------------------------------------------
2020-01-03 17:10:49,214 - app.util - Test database has been created
2020-01-03 17:10:49,320 - app.util - admin has been created
2020-01-03 17:10:49,426 - app.util - test_user has been created
2020-01-03 17:10:49,426 - app.util - TestDep has been created
2020-01-03 17:10:49,442 - app.util - Test TestDep, admin and test_user have been committed
2020-01-03 17:10:49,465 - app.util - Test databased has been deleted
--------------------------------------------------------------------------------------
2020-01-03 17:10:49,587 - app.util - Test database has been created
2020-01-03 17:10:49,697 - app.util - admin has been created
2020-01-03 17:10:49,802 - app.util - test_user has been created
2020-01-03 17:10:49,802 - app.util - TestDep has been created
2020-01-03 17:10:49,820 - app.util - Test TestDep, admin and test_user have been committed
2020-01-03 17:10:49,845 - app.util - Test databased has been deleted
--------------------------------------------------------------------------------------
2020-01-03 17:10:49,968 - app.util - Test database has been created
2020-01-03 17:10:50,073 - app.util - admin has been created
2020-01-03 17:10:50,179 - app.util - test_user has been created
2020-01-03 17:10:50,179 - app.util - TestDep has been created
2020-01-03 17:10:50,229 - app.util - Test TestDep, admin and test_user have been committed
2020-01-03 17:10:50,251 - app.util - Test databased has been deleted
--------------------------------------------------------------------------------------
2020-01-03 17:10:50,377 - app.util - Test database has been created
2020-01-03 17:10:50,493 - app.util - admin has been created
2020-01-03 17:10:50,598 - app.util - test_user has been created
2020-01-03 17:10:50,598 - app.util - TestDep has been created
2020-01-03 17:10:50,618 - app.util - Test TestDep, admin and test_user have been committed
2020-01-03 17:10:50,646 - app.util - Test databased has been deleted
--------------------------------------------------------------------------------------
2020-01-03 17:10:50,783 - app.util - Test database has been created
2020-01-03 17:10:50,895 - app.util - admin has been created
2020-01-03 17:10:51,001 - app.util - test_user has been created
2020-01-03 17:10:51,002 - app.util - TestDep has been created
2020-01-03 17:10:51,030 - app.util - Test TestDep, admin and test_user have been committed
2020-01-03 17:10:51,056 - app.util - Test databased has been deleted
--------------------------------------------------------------------------------------
2020-01-03 17:10:51,944 - app.util - Test database has been created
2020-01-03 17:10:52,051 - app.util - admin has been created
2020-01-03 17:10:52,159 - app.util - test_user has been created
2020-01-03 17:10:52,159 - app.util - TestDep has been created
2020-01-03 17:10:52,196 - app.util - Test TestDep, admin and test_user have been committed
2020-01-03 17:10:52,425 - app.util - Test databased has been deleted
--------------------------------------------------------------------------------------
2020-01-03 17:10:53,211 - app.util - Test database has been created
2020-01-03 17:10:53,319 - app.util - admin has been created
2020-01-03 17:10:53,425 - app.util - test_user has been created
2020-01-03 17:10:53,426 - app.util - TestDep has been created
2020-01-03 17:10:53,548 - app.util - Test TestDep, admin and test_user have been committed
2020-01-03 17:10:53,688 - app.util - Test databased has been deleted
--------------------------------------------------------------------------------------
2020-01-03 17:10:54,579 - app.util - Test database has been created
2020-01-03 17:10:54,690 - app.util - admin has been created
2020-01-03 17:10:54,799 - app.util - test_user has been created
2020-01-03 17:10:54,799 - app.util - TestDep has been created
2020-01-03 17:10:54,860 - app.util - Test TestDep, admin and test_user have been committed
2020-01-03 17:10:55,083 - app.util - Test databased has been deleted
--------------------------------------------------------------------------------------
2020-01-03 17:10:55,993 - app.util - Test database has been created
2020-01-03 17:10:56,106 - app.util - admin has been created
2020-01-03 17:10:56,215 - app.util - test_user has been created
2020-01-03 17:10:56,215 - app.util - TestDep has been created
2020-01-03 17:10:56,259 - app.util - Test TestDep, admin and test_user have been committed
2020-01-03 17:10:56,387 - app.util - Test databased has been deleted
--------------------------------------------------------------------------------------
2020-01-03 17:10:57,136 - app.util - Test database has been created
2020-01-03 17:10:57,251 - app.util - admin has been created
2020-01-03 17:10:57,359 - app.util - test_user has been created
2020-01-03 17:10:57,360 - app.util - TestDep has been created
2020-01-03 17:10:57,432 - app.util - Test TestDep, admin and test_user have been committed
2020-01-03 17:10:57,566 - app.util - Test databased has been deleted
--------------------------------------------------------------------------------------
2020-01-03 17:10:58,291 - app.util - Test database has been created
2020-01-03 17:10:58,405 - app.util - admin has been created
2020-01-03 17:10:58,513 - app.util - test_user has been created
2020-01-03 17:10:58,513 - app.util - TestDep has been created
2020-01-03 17:10:58,568 - app.util - Test TestDep, admin and test_user have been committed
2020-01-03 17:10:58,708 - app.util - Test databased has been deleted
--------------------------------------------------------------------------------------
2020-01-03 17:11:19,363 - app.util - Test database has been created
2020-01-03 17:11:19,491 - app.util - admin has been created
2020-01-03 17:11:19,614 - app.util - test_user has been created
2020-01-03 17:11:19,614 - app.util - TestDep has been created
2020-01-03 17:11:19,646 - app.util - Test TestDep, admin and test_user have been committed
2020-01-03 17:11:19,648 - app - 403 Error occurred
2020-01-03 17:11:19,710 - app.util - Test databased has been deleted
--------------------------------------------------------------------------------------
2020-01-03 17:11:19,990 - app.util - Test database has been created
2020-01-03 17:11:20,104 - app.util - admin has been created
2020-01-03 17:11:20,213 - app.util - test_user has been created
2020-01-03 17:11:20,214 - app.util - TestDep has been created
2020-01-03 17:11:20,238 - app.util - Test TestDep, admin and test_user have been committed
2020-01-03 17:11:20,239 - app - 404 Error occurred
2020-01-03 17:11:20,309 - app.util - Test databased has been deleted
--------------------------------------------------------------------------------------
2020-01-03 17:11:20,589 - app.util - Test database has been created
2020-01-03 17:11:20,775 - app.util - admin has been created
2020-01-03 17:11:20,960 - app.util - test_user has been created
2020-01-03 17:11:20,960 - app.util - TestDep has been created
2020-01-03 17:11:20,988 - app.util - Test TestDep, admin and test_user have been committed
2020-01-03 17:11:20,990 - app - 500 Error occurred
2020-01-03 17:11:21,050 - app.util - Test databased has been deleted
--------------------------------------------------------------------------------------
2020-01-03 17:11:21,320 - app.util - Test database has been created
2020-01-03 17:11:21,439 - app.util - admin has been created
2020-01-03 17:11:21,552 - app.util - test_user has been created
2020-01-03 17:11:21,553 - app.util - TestDep has been created
2020-01-03 17:11:21,575 - app.util - Test TestDep, admin and test_user have been committed
2020-01-03 17:11:21,620 - app.util - Test databased has been deleted
--------------------------------------------------------------------------------------
2020-01-03 17:11:21,881 - app.util - Test database has been created
2020-01-03 17:11:22,007 - app.util - admin has been created
2020-01-03 17:11:22,124 - app.util - test_user has been created
2020-01-03 17:11:22,124 - app.util - TestDep has been created
2020-01-03 17:11:22,148 - app.util - Test TestDep, admin and test_user have been committed
2020-01-03 17:11:22,195 - app.util - Test databased has been deleted
--------------------------------------------------------------------------------------
2020-01-03 17:11:22,477 - app.util - Test database has been created
2020-01-03 17:11:22,583 - app.util - admin has been created
2020-01-03 17:11:22,694 - app.util - test_user has been created
2020-01-03 17:11:22,694 - app.util - TestDep has been created
2020-01-03 17:11:22,748 - app.util - Test TestDep, admin and test_user have been committed
2020-01-03 17:11:22,791 - app.util - Test databased has been deleted
--------------------------------------------------------------------------------------
2020-01-03 17:11:23,054 - app.util - Test database has been created
2020-01-03 17:11:23,164 - app.util - admin has been created
2020-01-03 17:11:23,271 - app.util - test_user has been created
2020-01-03 17:11:23,272 - app.util - TestDep has been created
2020-01-03 17:11:23,295 - app.util - Test TestDep, admin and test_user have been committed
2020-01-03 17:11:23,341 - app.util - Test databased has been deleted
--------------------------------------------------------------------------------------
2020-01-03 17:11:23,619 - app.util - Test database has been created
2020-01-03 17:11:23,734 - app.util - admin has been created
2020-01-03 17:11:23,842 - app.util - test_user has been created
2020-01-03 17:11:23,842 - app.util - TestDep has been created
2020-01-03 17:11:23,872 - app.util - Test TestDep, admin and test_user have been committed
2020-01-03 17:11:23,920 - app.util - Test databased has been deleted
--------------------------------------------------------------------------------------
2020-01-03 17:11:24,200 - app.util - Test database has been created
2020-01-03 17:11:24,308 - app.util - admin has been created
2020-01-03 17:11:24,413 - app.util - test_user has been created
2020-01-03 17:11:24,413 - app.util - TestDep has been created
2020-01-03 17:11:24,434 - app.util - Test TestDep, admin and test_user have been committed
2020-01-03 17:11:24,478 - app.util - Test databased has been deleted
--------------------------------------------------------------------------------------
2020-01-03 17:11:24,756 - app.util - Test database has been created
2020-01-03 17:11:24,860 - app.util - admin has been created
2020-01-03 17:11:24,964 - app.util - test_user has been created
2020-01-03 17:11:24,964 - app.util - TestDep has been created
2020-01-03 17:11:25,013 - app.util - Test TestDep, admin and test_user have been committed
2020-01-03 17:11:25,057 - app.util - Test databased has been deleted
--------------------------------------------------------------------------------------
2020-01-03 17:11:25,335 - app.util - Test database has been created
2020-01-03 17:11:25,445 - app.util - admin has been created
2020-01-03 17:11:25,554 - app.util - test_user has been created
2020-01-03 17:11:25,554 - app.util - TestDep has been created
2020-01-03 17:11:25,579 - app.util - Test TestDep, admin and test_user have been committed
2020-01-03 17:11:25,619 - app.util - Test databased has been deleted
--------------------------------------------------------------------------------------
2020-01-03 17:11:25,897 - app.util - Test database has been created
2020-01-03 17:11:26,013 - app.util - admin has been created
2020-01-03 17:11:26,120 - app.util - test_user has been created
2020-01-03 17:11:26,120 - app.util - TestDep has been created
2020-01-03 17:11:26,142 - app.util - Test TestDep, admin and test_user have been committed
2020-01-03 17:11:26,191 - app.util - Test databased has been deleted
--------------------------------------------------------------------------------------
2020-01-03 17:11:26,461 - app.util - Test database has been created
2020-01-03 17:11:26,571 - app.util - admin has been created
2020-01-03 17:11:26,679 - app.util - test_user has been created
2020-01-03 17:11:26,679 - app.util - TestDep has been created
2020-01-03 17:11:26,703 - app.util - Test TestDep, admin and test_user have been committed
2020-01-03 17:11:26,749 - app.util - Test databased has been deleted
--------------------------------------------------------------------------------------
2020-01-03 17:11:27,026 - app.util - Test database has been created
2020-01-03 17:11:27,138 - app.util - admin has been created
2020-01-03 17:11:27,242 - app.util - test_user has been created
2020-01-03 17:11:27,243 - app.util - TestDep has been created
2020-01-03 17:11:27,266 - app.util - Test TestDep, admin and test_user have been committed
2020-01-03 17:11:27,316 - app.util - Test databased has been deleted
--------------------------------------------------------------------------------------
2020-01-03 17:11:27,593 - app.util - Test database has been created
2020-01-03 17:11:27,706 - app.util - admin has been created
2020-01-03 17:11:27,810 - app.util - test_user has been created
2020-01-03 17:11:27,811 - app.util - TestDep has been created
2020-01-03 17:11:27,836 - app.util - Test TestDep, admin and test_user have been committed
2020-01-03 17:11:27,881 - app.util - Test databased has been deleted
--------------------------------------------------------------------------------------
2020-01-03 17:11:28,162 - app.util - Test database has been created
2020-01-03 17:11:28,266 - app.util - admin has been created
2020-01-03 17:11:28,373 - app.util - test_user has been created
2020-01-03 17:11:28,374 - app.util - TestDep has been created
2020-01-03 17:11:28,405 - app.util - Test TestDep, admin and test_user have been committed
2020-01-03 17:11:28,460 - app.util - Test databased has been deleted
--------------------------------------------------------------------------------------
2020-01-03 17:11:28,746 - app.util - Test database has been created
2020-01-03 17:11:28,858 - app.util - admin has been created
2020-01-03 17:11:28,966 - app.util - test_user has been created
2020-01-03 17:11:28,966 - app.util - TestDep has been created
2020-01-03 17:11:28,987 - app.util - Test TestDep, admin and test_user have been committed
2020-01-03 17:11:29,034 - app.util - Test databased has been deleted
--------------------------------------------------------------------------------------
2020-01-03 17:11:29,326 - app.util - Test database has been created
2020-01-03 17:11:29,439 - app.util - admin has been created
2020-01-03 17:11:29,548 - app.util - test_user has been created
2020-01-03 17:11:29,549 - app.util - TestDep has been created
2020-01-03 17:11:29,571 - app.util - Test TestDep, admin and test_user have been committed
2020-01-03 17:11:29,702 - app.util - Test databased has been deleted
--------------------------------------------------------------------------------------
2020-01-03 17:11:29,971 - app.util - Test database has been created
2020-01-03 17:11:30,076 - app.util - admin has been created
2020-01-03 17:11:30,180 - app.util - test_user has been created
2020-01-03 17:11:30,181 - app.util - TestDep has been created
2020-01-03 17:11:30,207 - app.util - Test TestDep, admin and test_user have been committed
2020-01-03 17:11:30,256 - app.util - Test databased has been deleted
--------------------------------------------------------------------------------------
2020-01-03 17:11:30,541 - app.util - Test database has been created
2020-01-03 17:11:30,649 - app.util - admin has been created
2020-01-03 17:11:30,756 - app.util - test_user has been created
2020-01-03 17:11:30,756 - app.util - TestDep has been created
2020-01-03 17:11:30,784 - app.util - Test TestDep, admin and test_user have been committed
2020-01-03 17:11:30,908 - app.util - Test databased has been deleted
--------------------------------------------------------------------------------------
2020-01-03 17:11:31,184 - app.util - Test database has been created
2020-01-03 17:11:31,299 - app.util - admin has been created
2020-01-03 17:11:31,407 - app.util - test_user has been created
2020-01-03 17:11:31,407 - app.util - TestDep has been created
2020-01-03 17:11:31,437 - app.util - Test TestDep, admin and test_user have been committed
2020-01-03 17:11:31,485 - app.util - Test databased has been deleted
--------------------------------------------------------------------------------------
2020-01-03 17:11:31,777 - app.util - Test database has been created
2020-01-03 17:11:31,880 - app.util - admin has been created
2020-01-03 17:11:31,986 - app.util - test_user has been created
2020-01-03 17:11:31,986 - app.util - TestDep has been created
2020-01-03 17:11:32,041 - app.util - Test TestDep, admin and test_user have been committed
2020-01-03 17:11:32,090 - app.util - Test databased has been deleted
--------------------------------------------------------------------------------------
2020-01-03 17:11:32,372 - app.util - Test database has been created
2020-01-03 17:11:32,481 - app.util - admin has been created
2020-01-03 17:11:32,585 - app.util - test_user has been created
2020-01-03 17:11:32,585 - app.util - TestDep has been created
2020-01-03 17:11:32,611 - app.util - Test TestDep, admin and test_user have been committed
2020-01-03 17:11:32,668 - app.util - Test databased has been deleted
--------------------------------------------------------------------------------------
